<?xml version="1.0" encoding="UTF-8"?>
<testsuite xmlns:xsi="http://www.w3.org/2001/XMLSchema-instance" xsi:noNamespaceSchemaLocation="https://maven.apache.org/surefire/maven-surefire-plugin/xsd/surefire-test-report-3.0.xsd" version="3.0" name="com.isbn.IsbnTestInvalidSymbolsAndEdgeTest" time="0.031" tests="13" errors="0" skipped="0" failures="0">
  <properties>
    <property name="java.specification.version" value="17"/>
    <property name="sun.cpu.isalist" value="amd64"/>
    <property name="sun.jnu.encoding" value="Cp1252"/>
    <property name="java.class.path" value="C:\Users\shern\Documents\pa1\isbn\target\test-classes;C:\Users\shern\Documents\pa1\isbn\target\classes;C:\Users\shern\.m2\repository\org\junit\jupiter\junit-jupiter\5.10.1\junit-jupiter-5.10.1.jar;C:\Users\shern\.m2\repository\org\junit\jupiter\junit-jupiter-api\5.10.1\junit-jupiter-api-5.10.1.jar;C:\Users\shern\.m2\repository\org\opentest4j\opentest4j\1.3.0\opentest4j-1.3.0.jar;C:\Users\shern\.m2\repository\org\junit\platform\junit-platform-commons\1.10.1\junit-platform-commons-1.10.1.jar;C:\Users\shern\.m2\repository\org\apiguardian\apiguardian-api\1.1.2\apiguardian-api-1.1.2.jar;C:\Users\shern\.m2\repository\org\junit\jupiter\junit-jupiter-params\5.10.1\junit-jupiter-params-5.10.1.jar;C:\Users\shern\.m2\repository\org\junit\jupiter\junit-jupiter-engine\5.10.1\junit-jupiter-engine-5.10.1.jar;C:\Users\shern\.m2\repository\org\junit\platform\junit-platform-engine\1.10.1\junit-platform-engine-1.10.1.jar;C:\Users\shern\.m2\repository\org\junit\platform\junit-platform-suite\1.10.1\junit-platform-suite-1.10.1.jar;C:\Users\shern\.m2\repository\org\junit\platform\junit-platform-suite-api\1.10.1\junit-platform-suite-api-1.10.1.jar;C:\Users\shern\.m2\repository\org\junit\platform\junit-platform-suite-engine\1.10.1\junit-platform-suite-engine-1.10.1.jar;C:\Users\shern\.m2\repository\org\junit\platform\junit-platform-suite-commons\1.10.1\junit-platform-suite-commons-1.10.1.jar;C:\Users\shern\.m2\repository\org\junit\platform\junit-platform-launcher\1.10.1\junit-platform-launcher-1.10.1.jar;"/>
    <property name="java.vm.vendor" value="Eclipse Adoptium"/>
    <property name="sun.arch.data.model" value="64"/>
    <property name="user.variant" value=""/>
    <property name="java.vendor.url" value="https://adoptium.net/"/>
    <property name="user.timezone" value="Asia/Qyzylorda"/>
    <property name="user.country.format" value="150"/>
    <property name="os.name" value="Windows 10"/>
    <property name="java.vm.specification.version" value="17"/>
    <property name="sun.java.launcher" value="SUN_STANDARD"/>
    <property name="user.country" value="US"/>
    <property name="sun.boot.library.path" value="C:\Program Files\Eclipse Adoptium\jdk-17.0.14.7-hotspot\bin"/>
    <property name="sun.java.command" value="C:\Users\shern\AppData\Local\Temp\surefire16667871148609642577\surefirebooter-20250205174907412_3.jar C:\Users\shern\AppData\Local\Temp\surefire16667871148609642577 2025-02-05T17-49-07_045-jvmRun1 surefire-20250205174907412_1tmp surefire_0-20250205174907412_2tmp"/>
    <property name="jdk.debug" value="release"/>
    <property name="test" value="IsbnSuiteTest"/>
    <property name="surefire.test.class.path" value="C:\Users\shern\Documents\pa1\isbn\target\test-classes;C:\Users\shern\Documents\pa1\isbn\target\classes;C:\Users\shern\.m2\repository\org\junit\jupiter\junit-jupiter\5.10.1\junit-jupiter-5.10.1.jar;C:\Users\shern\.m2\repository\org\junit\jupiter\junit-jupiter-api\5.10.1\junit-jupiter-api-5.10.1.jar;C:\Users\shern\.m2\repository\org\opentest4j\opentest4j\1.3.0\opentest4j-1.3.0.jar;C:\Users\shern\.m2\repository\org\junit\platform\junit-platform-commons\1.10.1\junit-platform-commons-1.10.1.jar;C:\Users\shern\.m2\repository\org\apiguardian\apiguardian-api\1.1.2\apiguardian-api-1.1.2.jar;C:\Users\shern\.m2\repository\org\junit\jupiter\junit-jupiter-params\5.10.1\junit-jupiter-params-5.10.1.jar;C:\Users\shern\.m2\repository\org\junit\jupiter\junit-jupiter-engine\5.10.1\junit-jupiter-engine-5.10.1.jar;C:\Users\shern\.m2\repository\org\junit\platform\junit-platform-engine\1.10.1\junit-platform-engine-1.10.1.jar;C:\Users\shern\.m2\repository\org\junit\platform\junit-platform-suite\1.10.1\junit-platform-suite-1.10.1.jar;C:\Users\shern\.m2\repository\org\junit\platform\junit-platform-suite-api\1.10.1\junit-platform-suite-api-1.10.1.jar;C:\Users\shern\.m2\repository\org\junit\platform\junit-platform-suite-engine\1.10.1\junit-platform-suite-engine-1.10.1.jar;C:\Users\shern\.m2\repository\org\junit\platform\junit-platform-suite-commons\1.10.1\junit-platform-suite-commons-1.10.1.jar;C:\Users\shern\.m2\repository\org\junit\platform\junit-platform-launcher\1.10.1\junit-platform-launcher-1.10.1.jar;"/>
    <property name="sun.cpu.endian" value="little"/>
    <property name="user.home" value="C:\Users\shern"/>
    <property name="user.language" value="en"/>
    <property name="java.specification.vendor" value="Oracle Corporation"/>
    <property name="java.version.date" value="2025-01-21"/>
    <property name="java.home" value="C:\Program Files\Eclipse Adoptium\jdk-17.0.14.7-hotspot"/>
    <property name="file.separator" value="\"/>
    <property name="basedir" value="C:\Users\shern\Documents\pa1\isbn"/>
    <property name="java.vm.compressedOopsMode" value="Zero based"/>
    <property name="line.separator" value="&#10;"/>
    <property name="java.vm.specification.vendor" value="Oracle Corporation"/>
    <property name="java.specification.name" value="Java Platform API Specification"/>
    <property name="surefire.real.class.path" value="C:\Users\shern\AppData\Local\Temp\surefire16667871148609642577\surefirebooter-20250205174907412_3.jar"/>
    <property name="user.script" value=""/>
    <property name="sun.management.compiler" value="HotSpot 64-Bit Tiered Compilers"/>
    <property name="java.runtime.version" value="17.0.14+7"/>
    <property name="user.name" value="shern"/>
    <property name="path.separator" value=";"/>
    <property name="os.version" value="10.0"/>
    <property name="java.runtime.name" value="OpenJDK Runtime Environment"/>
    <property name="file.encoding" value="Cp1252"/>
    <property name="java.vm.name" value="OpenJDK 64-Bit Server VM"/>
    <property name="java.vendor.version" value="Temurin-17.0.14+7"/>
    <property name="localRepository" value="C:\Users\shern\.m2\repository"/>
    <property name="java.vendor.url.bug" value="https://github.com/adoptium/adoptium-support/issues"/>
    <property name="java.io.tmpdir" value="C:\Users\shern\AppData\Local\Temp\"/>
    <property name="java.version" value="17.0.14"/>
    <property name="user.dir" value="C:\Users\shern\Documents\pa1\isbn"/>
    <property name="os.arch" value="amd64"/>
    <property name="java.vm.specification.name" value="Java Virtual Machine Specification"/>
    <property name="sun.os.patch.level" value=""/>
    <property name="native.encoding" value="Cp1252"/>
    <property name="java.library.path" value="C:\Program Files\Eclipse Adoptium\jdk-17.0.14.7-hotspot\bin;C:\Windows\Sun\Java\bin;C:\Windows\system32;C:\Windows;C:\Program Files\Eclipse Adoptium\jdk-17.0.14.7-hotspot\bin;C:\Program Files (x86)\VMware\VMware Workstation\bin\;C:\Program Files (x86)\Common Files\Intel\Shared Libraries\redist\intel64\compiler;C:\Windows\system32;C:\Windows;C:\Windows\System32\Wbem;C:\Windows\System32\WindowsPowerShell\v1.0\;C:\Windows\System32\OpenSSH\;C:\Program Files\WireGuard\;C:\Program Files\Microsoft SQL Server\150\Tools\Binn\;C:\Program Files\Microsoft SQL Server\Client SDK\ODBC\170\Tools\Binn\;C:\Program Files\dotnet\;C:\Program Files\Maven\apache-maven-3.9.9\bin;C:\Users\shern\AppData\Local\Microsoft\WindowsApps;C:\Users\shern\.dotnet\tools;C:\Users\shern\AppData\Local\Programs\Microsoft VS Code\bin;."/>
    <property name="java.vm.info" value="mixed mode, sharing"/>
    <property name="java.vendor" value="Eclipse Adoptium"/>
    <property name="java.vm.version" value="17.0.14+7"/>
    <property name="java.specification.maintenance.version" value="1"/>
    <property name="sun.io.unicode.encoding" value="UnicodeLittle"/>
    <property name="java.class.version" value="61.0"/>
  </properties>
  <testcase name="isValid_InvalidSymbols_IsbnIsNotValid(String)[1]" classname="com.isbn.IsbnTestInvalidSymbolsAndEdgeTest" time="0.001"/>
  <testcase name="isValid_InvalidSymbols_IsbnIsNotValid(String)[2]" classname="com.isbn.IsbnTestInvalidSymbolsAndEdgeTest" time="0.001"/>
  <testcase name="isValid_InvalidSymbols_IsbnIsNotValid(String)[3]" classname="com.isbn.IsbnTestInvalidSymbolsAndEdgeTest" time="0.001"/>
  <testcase name="isValid_InvalidSymbols_IsbnIsNotValid(String)[4]" classname="com.isbn.IsbnTestInvalidSymbolsAndEdgeTest" time="0.001"/>
  <testcase name="isValid_InvalidSymbols_IsbnIsNotValid(String)[5]" classname="com.isbn.IsbnTestInvalidSymbolsAndEdgeTest" time="0.001"/>
  <testcase name="isValid_InvalidSymbols_IsbnIsNotValid(String)[6]" classname="com.isbn.IsbnTestInvalidSymbolsAndEdgeTest" time="0.001"/>
  <testcase name="isValid_InvalidSymbols_IsbnIsNotValid(String)[7]" classname="com.isbn.IsbnTestInvalidSymbolsAndEdgeTest" time="0.001"/>
  <testcase name="isValid_InvalidSymbols_IsbnIsNotValid(String)[8]" classname="com.isbn.IsbnTestInvalidSymbolsAndEdgeTest" time="0.001"/>
  <testcase name="isValid_InvalidSymbols_IsbnIsNotValid(String)[9]" classname="com.isbn.IsbnTestInvalidSymbolsAndEdgeTest" time="0"/>
  <testcase name="isValid_InvalidSymbols_IsbnIsNotValid(String)[10]" classname="com.isbn.IsbnTestInvalidSymbolsAndEdgeTest" time="0.001"/>
  <testcase name="isValid_StringIsNullOrEmptyOrWhiteSpace_ThrowIllegalArgumentException(String)[1]" classname="com.isbn.IsbnTestInvalidSymbolsAndEdgeTest" time="0.005"/>
  <testcase name="isValid_StringIsNullOrEmptyOrWhiteSpace_ThrowIllegalArgumentException(String)[2]" classname="com.isbn.IsbnTestInvalidSymbolsAndEdgeTest" time="0"/>
  <testcase name="isValid_StringIsNullOrEmptyOrWhiteSpace_ThrowIllegalArgumentException(String)[3]" classname="com.isbn.IsbnTestInvalidSymbolsAndEdgeTest" time="0"/>
</testsuite>